<?xml version="1.0" encoding="UTF-8"?>
<datasources xmlns="http://www.jboss.org/ironjacamar/schema">
    <datasource jndi-name="java:jboss/myDS" enabled="true"  use-java-context="true" pool-name="mypool">
        <connection-url>jdbc:h2:tcp://localhost/h2db;DB_CLOSE_DELAY=-1</connection-url>
        <driver>h2</driver>
        <pool></pool>
        <security>
            <user-name>sa</user-name>
            <password></password>
        </security>
    </datasource>
</datasources>